<?xml version="1.0" encoding="UTF-8"?>
<!-- Generated by org.testng.reporters.JUnitReportReporter -->
<testsuite hostname="DESKTOP-3GFP10E" failures="0" tests="1" name="Demo.assignment_MVN.FileUpload" time="0.360" errors="0" timestamp="2024-09-05T13:32:07 IST" skipped="0">
  <testcase classname="Demo.assignment_MVN.FileUpload" name="verifyUpload" time="0.360"/>
</testsuite> <!-- Demo.assignment_MVN.FileUpload -->
