<?xml version="1.0" encoding="UTF-8"?>
<!-- Generated by org.testng.reporters.JUnitReportReporter -->
<testsuite hostname="DESKTOP-3GFP10E" failures="0" tests="1" name="Demo.assignment_MVN.DragAndDrop" time="3.560" errors="0" timestamp="2024-09-12T18:20:52 IST" skipped="0">
  <testcase classname="Demo.assignment_MVN.DragAndDrop" name="verifyDragAndDrop" time="3.560"/>
</testsuite> <!-- Demo.assignment_MVN.DragAndDrop -->
