<?xml version="1.0" encoding="UTF-8"?>
<!-- Generated by org.testng.reporters.JUnitReportReporter -->
<testsuite hostname="DESKTOP-3GFP10E" failures="0" tests="1" name="Demo.assignment_MVN.WindowHandling" time="0.322" errors="0" timestamp="2024-09-05T15:18:34 IST" skipped="0">
  <testcase classname="Demo.assignment_MVN.WindowHandling" name="switching" time="0.322"/>
</testsuite> <!-- Demo.assignment_MVN.WindowHandling -->
