<?xml version="1.0" encoding="UTF-8"?>
<!-- Generated by org.testng.reporters.JUnitReportReporter -->
<testsuite hostname="DESKTOP-3GFP10E" failures="0" tests="1" name="Demo.assignment_MVN.Table" time="0.183" errors="0" timestamp="2024-08-29T15:50:59 IST" skipped="0">
  <testcase classname="Demo.assignment_MVN.Table" name="testTable" time="0.183"/>
</testsuite> <!-- Demo.assignment_MVN.Table -->
