<?xml version="1.0" encoding="UTF-8"?>
<!-- Generated by org.testng.reporters.JUnitReportReporter -->
<testsuite hostname="DESKTOP-3GFP10E" failures="0" tests="1" name="Demo.assignment_MVN.Screenshot" time="1.367" errors="0" timestamp="2024-09-02T16:53:24 IST" skipped="0">
  <testcase classname="Demo.assignment_MVN.Screenshot" name="testFormSubmission" time="1.367"/>
</testsuite> <!-- Demo.assignment_MVN.Screenshot -->
