<?xml version="1.0" encoding="UTF-8"?>
<!-- Generated by org.testng.reporters.JUnitReportReporter -->
<testsuite hostname="DESKTOP-3GFP10E" failures="0" tests="1" name="Demo.assignment_MVN.Table$WebTableVerificationTest" time="0.186" errors="0" timestamp="2024-08-29T16:09:50 IST" skipped="0">
  <testcase classname="Demo.assignment_MVN.Table$WebTableVerificationTest" name="verifyTableContents" time="0.186"/>
</testsuite> <!-- Demo.assignment_MVN.Table$WebTableVerificationTest -->
