<?xml version="1.0" encoding="UTF-8"?>
<!-- Generated by org.testng.reporters.JUnitReportReporter -->
<testsuite hostname="DESKTOP-3GFP10E" failures="0" tests="1" name="Demo.assignment_MVN.IFrames" time="0.254" errors="0" timestamp="2024-09-09T12:31:20 IST" skipped="0">
  <testcase classname="Demo.assignment_MVN.IFrames" name="switching" time="0.254"/>
</testsuite> <!-- Demo.assignment_MVN.IFrames -->
