<?xml version="1.0" encoding="UTF-8"?>
<!-- Generated by org.testng.reporters.JUnitReportReporter -->
<testsuite hostname="DESKTOP-3GFP10E" failures="0" tests="1" name="Demo.assignment_MVN.DragAndDrop" time="4.588" errors="0" timestamp="2024-08-29T16:39:14 IST" skipped="0">
  <testcase classname="Demo.assignment_MVN.DragAndDrop" name="verifyDragAndDrop" time="4.588"/>
</testsuite> <!-- Demo.assignment_MVN.DragAndDrop -->
